#
# There is insufficient memory for the Java Runtime Environment to continue.
# Native memory allocation (malloc) failed to allocate 298976 bytes for Chunk::new
# Possible reasons:
#   The system is out of physical RAM or swap space
#   The process is running with CompressedOops enabled, and the Java Heap may be blocking the growth of the native heap
# Possible solutions:
#   Reduce memory load on the system
#   Increase physical memory or swap space
#   Check if swap backing store is full
#   Decrease Java heap size (-Xmx/-Xms)
#   Decrease number of Java threads
#   Decrease Java thread stack sizes (-Xss)
#   Set larger code cache with -XX:ReservedCodeCacheSize=
#   JVM is running with Zero Based Compressed Oops mode in which the Java heap is
#     placed in the first 32GB address space. The Java Heap base address is the
#     maximum limit for the native heap growth. Please use -XX:HeapBaseMinAddress
#     to set the Java Heap base and to place the Java Heap above 32GB virtual address.
# This output file may be truncated or incomplete.
#
#  Out of Memory Error (allocation.cpp:389), pid=3732, tid=0x0000000000001374
#
# JRE version: Java(TM) SE Runtime Environment (8.0_401) (build 1.8.0_401-b10)
# Java VM: Java HotSpot(TM) 64-Bit Server VM (25.401-b10 mixed mode windows-amd64 compressed oops)
# Failed to write core dump. Minidumps are not enabled by default on client versions of Windows
#

---------------  T H R E A D  ---------------

Current thread (0x0000020bcff28000):  JavaThread "C2 CompilerThread0" daemon [_thread_in_native, id=4980, stack(0x000000a3ed600000,0x000000a3ed700000)]

Stack: [0x000000a3ed600000,0x000000a3ed700000]
Native frames: (J=compiled Java code, j=interpreted, Vv=VM code, C=native code)
V  [jvm.dll+0x3530d9]
V  [jvm.dll+0x290072]
V  [jvm.dll+0x290c3d]
V  [jvm.dll+0x285275]
V  [jvm.dll+0xdbbbc]
V  [jvm.dll+0xdc3cc]
V  [jvm.dll+0x47cc22]
V  [jvm.dll+0x4bd1bb]
V  [jvm.dll+0x46b08a]
V  [jvm.dll+0x468572]
V  [jvm.dll+0x4523ac]
V  [jvm.dll+0xb08f6]
V  [jvm.dll+0xaefcf]
V  [jvm.dll+0x2515d2]
V  [jvm.dll+0x2acb3c]
C  [ucrtbase.dll+0x21bb2]
C  [KERNEL32.DLL+0x17344]
C  [ntdll.dll+0x526b1]


Current CompileTask:
C2:   2553 1331   !   4       com.sun.tools.javac.jvm.ClassReader::classSigToType (498 bytes)


---------------  P R O C E S S  ---------------

Java Threads: ( => current thread )
  0x0000020bcff5e800 JavaThread "Service Thread" daemon [_thread_blocked, id=11688, stack(0x000000a3eda00000,0x000000a3edb00000)]
  0x0000020bcff39000 JavaThread "C1 CompilerThread3" daemon [_thread_blocked, id=14236, stack(0x000000a3ed900000,0x000000a3eda00000)]
  0x0000020bcff38800 JavaThread "C2 CompilerThread2" daemon [_thread_blocked, id=11368, stack(0x000000a3ed800000,0x000000a3ed900000)]
  0x0000020bcff2e800 JavaThread "C2 CompilerThread1" daemon [_thread_in_native, id=3924, stack(0x000000a3ed700000,0x000000a3ed800000)]
=>0x0000020bcff28000 JavaThread "C2 CompilerThread0" daemon [_thread_in_native, id=4980, stack(0x000000a3ed600000,0x000000a3ed700000)]
  0x0000020bcff22800 JavaThread "Attach Listener" daemon [_thread_blocked, id=2900, stack(0x000000a3ed500000,0x000000a3ed600000)]
  0x0000020bcff21000 JavaThread "Signal Dispatcher" daemon [_thread_blocked, id=316, stack(0x000000a3ed400000,0x000000a3ed500000)]
  0x0000020bcff00800 JavaThread "Finalizer" daemon [_thread_blocked, id=1420, stack(0x000000a3ed300000,0x000000a3ed400000)]
  0x0000020bcfef7000 JavaThread "Reference Handler" daemon [_thread_blocked, id=13432, stack(0x000000a3ed200000,0x000000a3ed300000)]
  0x0000020bb5310800 JavaThread "main" [_thread_blocked, id=3508, stack(0x000000a3ec600000,0x000000a3ec700000)]

Other Threads:
  0x0000020bcfecf000 VMThread [stack: 0x000000a3ed100000,0x000000a3ed200000] [id=10628]
  0x0000020bd248e000 WatcherThread [stack: 0x000000a3edb00000,0x000000a3edc00000] [id=17680]

VM state:not at safepoint (normal execution)

VM Mutex/Monitor currently owned by a thread: None

heap address: 0x00000006c2600000, size: 4058 MB, Compressed Oops mode: Zero based, Oop shift amount: 3
Narrow klass base: 0x0000000000000000, Narrow klass shift: 3
Compressed class space size: 1073741824 Address: 0x00000007c0000000

Heap:
 PSYoungGen      total 11776K, used 3633K [0x000000076b780000, 0x000000076c980000, 0x00000007c0000000)
  eden space 8704K, 41% used [0x000000076b780000,0x000000076bb0c558,0x000000076c000000)
  from space 3072K, 0% used [0x000000076c680000,0x000000076c680000,0x000000076c980000)
  to   space 4608K, 0% used [0x000000076c080000,0x000000076c080000,0x000000076c500000)
 ParOldGen       total 9728K, used 9673K [0x00000006c2600000, 0x00000006c2f80000, 0x000000076b780000)
  object space 9728K, 99% used [0x00000006c2600000,0x00000006c2f72498,0x00000006c2f80000)
 Metaspace       used 9585K, capacity 10100K, committed 10368K, reserved 1060864K
  class space    used 1099K, capacity 1136K, committed 1152K, reserved 1048576K

Card table byte_map: [0x0000020bc6010000,0x0000020bc6800000] byte_map_base: 0x0000020bc29fd000

Marking Bits: (ParMarkBitMap*) 0x00007ff8f0715fc0
 Begin Bits: [0x0000020bc6d50000, 0x0000020bcacb8000)
 End Bits:   [0x0000020bcacb8000, 0x0000020bcec20000)

Polling page: 0x0000020bb5400000

CodeCache: size=245760Kb used=5402Kb max_used=5416Kb free=240357Kb
 bounds [0x0000020bb6c50000, 0x0000020bb71a0000, 0x0000020bc5c50000]
 total_blobs=1745 nmethods=1438 adapters=217
 compilation: enabled

Compilation events (10 events):
Event: 0.749 Thread 0x0000020bcff39000 1373       3       com.sun.tools.javac.comp.DeferredAttr$DeferredChecker$1::<init> (10 bytes)
Event: 0.749 Thread 0x0000020bcff39000 nmethod 1373 0x0000020bb716c1d0 code [0x0000020bb716c320, 0x0000020bb716c4f8]
Event: 0.749 Thread 0x0000020bcff39000 1374       3       com.sun.tools.javac.comp.DeferredAttr$DeferredChecker$3::<init> (10 bytes)
Event: 0.749 Thread 0x0000020bcff39000 nmethod 1374 0x0000020bb716c5d0 code [0x0000020bb716c720, 0x0000020bb716c8f8]
Event: 0.749 Thread 0x0000020bcff39000 1375       3       com.sun.tools.javac.comp.Check::assertConvertible (64 bytes)
Event: 0.749 Thread 0x0000020bcff39000 nmethod 1375 0x0000020bb716c9d0 code [0x0000020bb716cbe0, 0x0000020bb716d760]
Event: 0.749 Thread 0x0000020bcff39000 1376       3       com.sun.tools.javac.comp.Env::dup (10 bytes)
Event: 0.750 Thread 0x0000020bcff39000 nmethod 1376 0x0000020bb716dc10 code [0x0000020bb716dd80, 0x0000020bb716e100]
Event: 0.750 Thread 0x0000020bcff39000 1378       3       com.sun.tools.javac.code.Scope$CompoundScope$2$1::nextIterator (24 bytes)
Event: 0.750 Thread 0x0000020bcff39000 nmethod 1378 0x0000020bb716e250 code [0x0000020bb716e3c0, 0x0000020bb716e6c0]

GC Heap History (10 events):
Event: 0.405 GC heap before
{Heap before GC invocations=7 (full 1):
 PSYoungGen      total 6656K, used 6144K [0x000000076b780000, 0x000000076c980000, 0x00000007c0000000)
  eden space 6144K, 100% used [0x000000076b780000,0x000000076bd80000,0x000000076bd80000)
  from space 512K, 0% used [0x000000076bd80000,0x000000076bd80000,0x000000076be00000)
  to   space 3072K, 0% used [0x000000076c680000,0x000000076c680000,0x000000076c980000)
 ParOldGen       total 9728K, used 4227K [0x00000006c2600000, 0x00000006c2f80000, 0x000000076b780000)
  object space 9728K, 43% used [0x00000006c2600000,0x00000006c2a20da0,0x00000006c2f80000)
 Metaspace       used 7480K, capacity 8308K, committed 8448K, reserved 1056768K
  class space    used 903K, capacity 944K, committed 1024K, reserved 1048576K
Event: 0.407 GC heap after
Heap after GC invocations=7 (full 1):
 PSYoungGen      total 11776K, used 3043K [0x000000076b780000, 0x000000076c980000, 0x00000007c0000000)
  eden space 8704K, 0% used [0x000000076b780000,0x000000076b780000,0x000000076c000000)
  from space 3072K, 99% used [0x000000076c680000,0x000000076c978e40,0x000000076c980000)
  to   space 4608K, 0% used [0x000000076c080000,0x000000076c080000,0x000000076c500000)
 ParOldGen       total 9728K, used 5467K [0x00000006c2600000, 0x00000006c2f80000, 0x000000076b780000)
  object space 9728K, 56% used [0x00000006c2600000,0x00000006c2b56da0,0x00000006c2f80000)
 Metaspace       used 7480K, capacity 8308K, committed 8448K, reserved 1056768K
  class space    used 903K, capacity 944K, committed 1024K, reserved 1048576K
}
Event: 0.459 GC heap before
{Heap before GC invocations=8 (full 1):
 PSYoungGen      total 11776K, used 11747K [0x000000076b780000, 0x000000076c980000, 0x00000007c0000000)
  eden space 8704K, 100% used [0x000000076b780000,0x000000076c000000,0x000000076c000000)
  from space 3072K, 99% used [0x000000076c680000,0x000000076c978e40,0x000000076c980000)
  to   space 4608K, 0% used [0x000000076c080000,0x000000076c080000,0x000000076c500000)
 ParOldGen       total 9728K, used 5467K [0x00000006c2600000, 0x00000006c2f80000, 0x000000076b780000)
  object space 9728K, 56% used [0x00000006c2600000,0x00000006c2b56da0,0x00000006c2f80000)
 Metaspace       used 7703K, capacity 8436K, committed 8704K, reserved 1056768K
  class space    used 915K, capacity 944K, committed 1024K, reserved 1048576K
Event: 0.462 GC heap after
Heap after GC invocations=8 (full 1):
 PSYoungGen      total 13312K, used 4587K [0x000000076b780000, 0x000000076c980000, 0x00000007c0000000)
  eden space 8704K, 0% used [0x000000076b780000,0x000000076b780000,0x000000076c000000)
  from space 4608K, 99% used [0x000000076c080000,0x000000076c4facb0,0x000000076c500000)
  to   space 3072K, 0% used [0x000000076c680000,0x000000076c680000,0x000000076c980000)
 ParOldGen       total 9728K, used 5515K [0x00000006c2600000, 0x00000006c2f80000, 0x000000076b780000)
  object space 9728K, 56% used [0x00000006c2600000,0x00000006c2b62da0,0x00000006c2f80000)
 Metaspace       used 7703K, capacity 8436K, committed 8704K, reserved 1056768K
  class space    used 915K, capacity 944K, committed 1024K, reserved 1048576K
}
Event: 0.475 GC heap before
{Heap before GC invocations=9 (full 1):
 PSYoungGen      total 13312K, used 13291K [0x000000076b780000, 0x000000076c980000, 0x00000007c0000000)
  eden space 8704K, 100% used [0x000000076b780000,0x000000076c000000,0x000000076c000000)
  from space 4608K, 99% used [0x000000076c080000,0x000000076c4facb0,0x000000076c500000)
  to   space 3072K, 0% used [0x000000076c680000,0x000000076c680000,0x000000076c980000)
 ParOldGen       total 9728K, used 5515K [0x00000006c2600000, 0x00000006c2f80000, 0x000000076b780000)
  object space 9728K, 56% used [0x00000006c2600000,0x00000006c2b62da0,0x00000006c2f80000)
 Metaspace       used 7710K, capacity 8436K, committed 8704K, reserved 1056768K
  class space    used 915K, capacity 944K, committed 1024K, reserved 1048576K
Event: 0.478 GC heap after
Heap after GC invocations=9 (full 1):
 PSYoungGen      total 11776K, used 3043K [0x000000076b780000, 0x000000076c980000, 0x00000007c0000000)
  eden space 8704K, 0% used [0x000000076b780000,0x000000076b780000,0x000000076c000000)
  from space 3072K, 99% used [0x000000076c680000,0x000000076c978f78,0x000000076c980000)
  to   space 4608K, 0% used [0x000000076c080000,0x000000076c080000,0x000000076c500000)
 ParOldGen       total 9728K, used 8083K [0x00000006c2600000, 0x00000006c2f80000, 0x000000076b780000)
  object space 9728K, 83% used [0x00000006c2600000,0x00000006c2de4df0,0x00000006c2f80000)
 Metaspace       used 7710K, capacity 8436K, committed 8704K, reserved 1056768K
  class space    used 915K, capacity 944K, committed 1024K, reserved 1048576K
}
Event: 0.478 GC heap before
{Heap before GC invocations=10 (full 2):
 PSYoungGen      total 11776K, used 3043K [0x000000076b780000, 0x000000076c980000, 0x00000007c0000000)
  eden space 8704K, 0% used [0x000000076b780000,0x000000076b780000,0x000000076c000000)
  from space 3072K, 99% used [0x000000076c680000,0x000000076c978f78,0x000000076c980000)
  to   space 4608K, 0% used [0x000000076c080000,0x000000076c080000,0x000000076c500000)
 ParOldGen       total 9728K, used 8083K [0x00000006c2600000, 0x00000006c2f80000, 0x000000076b780000)
  object space 9728K, 83% used [0x00000006c2600000,0x00000006c2de4df0,0x00000006c2f80000)
 Metaspace       used 7710K, capacity 8436K, committed 8704K, reserved 1056768K
  class space    used 915K, capacity 944K, committed 1024K, reserved 1048576K
Event: 0.518 GC heap after
Heap after GC invocations=10 (full 2):
 PSYoungGen      total 11776K, used 0K [0x000000076b780000, 0x000000076c980000, 0x00000007c0000000)
  eden space 8704K, 0% used [0x000000076b780000,0x000000076b780000,0x000000076c000000)
  from space 3072K, 0% used [0x000000076c680000,0x000000076c680000,0x000000076c980000)
  to   space 4608K, 0% used [0x000000076c080000,0x000000076c080000,0x000000076c500000)
 ParOldGen       total 9728K, used 8428K [0x00000006c2600000, 0x00000006c2f80000, 0x000000076b780000)
  object space 9728K, 86% used [0x00000006c2600000,0x00000006c2e3b158,0x00000006c2f80000)
 Metaspace       used 7710K, capacity 8436K, committed 8704K, reserved 1056768K
  class space    used 915K, capacity 944K, committed 1024K, reserved 1048576K
}
Event: 0.615 GC heap before
{Heap before GC invocations=11 (full 3):
 PSYoungGen      total 11776K, used 8704K [0x000000076b780000, 0x000000076c980000, 0x00000007c0000000)
  eden space 8704K, 100% used [0x000000076b780000,0x000000076c000000,0x000000076c000000)
  from space 3072K, 0% used [0x000000076c680000,0x000000076c680000,0x000000076c980000)
  to   space 4608K, 0% used [0x000000076c080000,0x000000076c080000,0x000000076c500000)
 ParOldGen       total 9728K, used 8428K [0x00000006c2600000, 0x00000006c2f80000, 0x000000076b780000)
  object space 9728K, 86% used [0x00000006c2600000,0x00000006c2e3b158,0x00000006c2f80000)
 Metaspace       used 8560K, capacity 9172K, committed 9344K, reserved 1056768K
  class space    used 1014K, capacity 1040K, committed 1152K, reserved 1048576K
Event: 0.665 GC heap after
Heap after GC invocations=11 (full 3):
 PSYoungGen      total 11776K, used 73K [0x000000076b780000, 0x000000076c980000, 0x00000007c0000000)
  eden space 8704K, 0% used [0x000000076b780000,0x000000076b792690,0x000000076c000000)
  from space 3072K, 0% used [0x000000076c680000,0x000000076c680000,0x000000076c980000)
  to   space 4608K, 0% used [0x000000076c080000,0x000000076c080000,0x000000076c500000)
 ParOldGen       total 9728K, used 9708K [0x00000006c2600000, 0x00000006c2f80000, 0x000000076b780000)
  object space 9728K, 99% used [0x00000006c2600000,0x00000006c2f7b208,0x00000006c2f80000)
 Metaspace       used 8560K, capacity 9172K, committed 9344K, reserved 1056768K
  class space    used 1014K, capacity 1040K, committed 1152K, reserved 1048576K
}

Deoptimization events (10 events):
Event: 0.590 Thread 0x0000020bb5310800 Uncommon trap: reason=bimorphic action=maybe_recompile pc=0x0000020bb6ec9764 method=java.util.HashMap.getNode(ILjava/lang/Object;)Ljava/util/HashMap$Node; @ 126
Event: 0.591 Thread 0x0000020bb5310800 Uncommon trap: reason=bimorphic action=maybe_recompile pc=0x0000020bb6ec9764 method=java.util.HashMap.getNode(ILjava/lang/Object;)Ljava/util/HashMap$Node; @ 126
Event: 0.701 Thread 0x0000020bb5310800 Uncommon trap: reason=unstable_if action=reinterpret pc=0x0000020bb7096558 method=com.sun.tools.javac.code.Types$Subst.subst(Lcom/sun/tools/javac/util/List;)Lcom/sun/tools/javac/util/List; @ 7
Event: 0.702 Thread 0x0000020bb5310800 Uncommon trap: reason=class_check action=maybe_recompile pc=0x0000020bb708d65c method=com.sun.tools.javac.code.Type$ClassType.isErroneous()Z @ 4
Event: 0.702 Thread 0x0000020bb5310800 Uncommon trap: reason=class_check action=maybe_recompile pc=0x0000020bb704fa1c method=com.sun.tools.javac.code.Type$ClassType.allparams()Lcom/sun/tools/javac/util/List; @ 16
Event: 0.702 Thread 0x0000020bb5310800 Uncommon trap: reason=class_check action=maybe_recompile pc=0x0000020bb708d65c method=com.sun.tools.javac.code.Type$ClassType.isErroneous()Z @ 4
Event: 0.704 Thread 0x0000020bb5310800 Uncommon trap: reason=class_check action=maybe_recompile pc=0x0000020bb708d65c method=com.sun.tools.javac.code.Type$ClassType.isErroneous()Z @ 4
Event: 0.704 Thread 0x0000020bb5310800 Uncommon trap: reason=class_check action=maybe_recompile pc=0x0000020bb708d65c method=com.sun.tools.javac.code.Type$ClassType.isErroneous()Z @ 4
Event: 0.708 Thread 0x0000020bb5310800 Uncommon trap: reason=unstable_if action=reinterpret pc=0x0000020bb6f9dfb0 method=com.sun.tools.javac.jvm.ClassReader.classSigToType()Lcom/sun/tools/javac/code/Type; @ 148
Event: 0.713 Thread 0x0000020bb5310800 Uncommon trap: reason=unstable_if action=reinterpret pc=0x0000020bb6fdc648 method=com.sun.tools.javac.code.Scope.dble()V @ 44

Classes redefined (0 events):
No events

Internal exceptions (7 events):
Event: 0.027 Thread 0x0000020bb5310800 Exception <a 'java/lang/NoSuchMethodError': Method sun.misc.Unsafe.defineClass(Ljava/lang/String;[BII)Ljava/lang/Class; name or signature does not match> (0x000000076b787cf0) thrown at [C:\jenkins\workspace\8-2-build-windows-x64-cygwin-sans-NAS\jdk8u401\6
Event: 0.027 Thread 0x0000020bb5310800 Exception <a 'java/lang/NoSuchMethodError': Method sun.misc.Unsafe.prefetchRead(Ljava/lang/Object;J)V name or signature does not match> (0x000000076b787fd8) thrown at [C:\jenkins\workspace\8-2-build-windows-x64-cygwin-sans-NAS\jdk8u401\683\hotspot\src\sha
Event: 0.115 Thread 0x0000020bb5310800 Exception <a 'java/security/PrivilegedActionException'> (0x000000076b8e9fd0) thrown at [C:\jenkins\workspace\8-2-build-windows-x64-cygwin-sans-NAS\jdk8u401\683\hotspot\src\share\vm\prims\jvm.cpp, line 1513]
Event: 0.115 Thread 0x0000020bb5310800 Exception <a 'java/security/PrivilegedActionException'> (0x000000076b8ea3c8) thrown at [C:\jenkins\workspace\8-2-build-windows-x64-cygwin-sans-NAS\jdk8u401\683\hotspot\src\share\vm\prims\jvm.cpp, line 1513]
Event: 0.122 Thread 0x0000020bb5310800 Exception <a 'java/security/PrivilegedActionException'> (0x000000076b793108) thrown at [C:\jenkins\workspace\8-2-build-windows-x64-cygwin-sans-NAS\jdk8u401\683\hotspot\src\share\vm\prims\jvm.cpp, line 1513]
Event: 0.122 Thread 0x0000020bb5310800 Exception <a 'java/security/PrivilegedActionException'> (0x000000076b793500) thrown at [C:\jenkins\workspace\8-2-build-windows-x64-cygwin-sans-NAS\jdk8u401\683\hotspot\src\share\vm\prims\jvm.cpp, line 1513]
Event: 0.396 Thread 0x0000020bb5310800 Exception <a 'java/io/FileNotFoundException'> (0x000000076ba6c390) thrown at [C:\jenkins\workspace\8-2-build-windows-x64-cygwin-sans-NAS\jdk8u401\683\hotspot\src\share\vm\prims\jni.cpp, line 710]

Events (10 events):
Event: 0.715 loading class com/sun/tools/javac/comp/Flow$AliveAnalyzer
Event: 0.715 loading class com/sun/tools/javac/comp/Flow$AliveAnalyzer done
Event: 0.715 loading class com/sun/tools/javac/comp/Flow$BaseAnalyzer
Event: 0.715 loading class com/sun/tools/javac/comp/Flow$BaseAnalyzer done
Event: 0.715 loading class com/sun/tools/javac/comp/Flow$BaseAnalyzer$PendingExit
Event: 0.715 loading class com/sun/tools/javac/comp/Flow$BaseAnalyzer$PendingExit done
Event: 0.746 loading class com/sun/tools/javac/code/Types$Rewriter
Event: 0.746 loading class com/sun/tools/javac/code/Types$Rewriter done
Event: 0.746 loading class com/sun/tools/javac/code/Types$Adapter
Event: 0.746 loading class com/sun/tools/javac/code/Types$Adapter done


Dynamic libraries:
0x00007ff686cc0000 - 0x00007ff686cc8000 	C:\Program Files\Java\jdk-1.8\bin\javac.exe
0x00007ff958cd0000 - 0x00007ff958ec8000 	C:\WINDOWS\SYSTEM32\ntdll.dll
0x00007ff958280000 - 0x00007ff95833d000 	C:\WINDOWS\System32\KERNEL32.DLL
0x00007ff9564b0000 - 0x00007ff9567a6000 	C:\WINDOWS\System32\KERNELBASE.dll
0x00007ff956980000 - 0x00007ff956a80000 	C:\WINDOWS\System32\ucrtbase.dll
0x00007ff924a60000 - 0x00007ff924a7b000 	C:\Program Files\Java\jdk-1.8\bin\VCRUNTIME140.dll
0x00007ff911c00000 - 0x00007ff911c43000 	C:\Program Files\Java\jdk-1.8\bin\jli.dll
0x00007ff956d60000 - 0x00007ff956e10000 	C:\WINDOWS\System32\ADVAPI32.dll
0x00007ff957090000 - 0x00007ff95712e000 	C:\WINDOWS\System32\msvcrt.dll
0x00007ff956e20000 - 0x00007ff956ec0000 	C:\WINDOWS\System32\sechost.dll
0x00007ff958150000 - 0x00007ff958273000 	C:\WINDOWS\System32\RPCRT4.dll
0x00007ff956830000 - 0x00007ff956857000 	C:\WINDOWS\System32\bcrypt.dll
0x00007ff956ec0000 - 0x00007ff95705f000 	C:\WINDOWS\System32\USER32.dll
0x00007ff9567b0000 - 0x00007ff9567d2000 	C:\WINDOWS\System32\win32u.dll
0x00007ff944eb0000 - 0x00007ff94514a000 	C:\WINDOWS\WinSxS\amd64_microsoft.windows.common-controls_6595b64144ccf1df_6.0.19041.4355_none_60b8b9eb71f62e16\COMCTL32.dll
0x00007ff957060000 - 0x00007ff95708b000 	C:\WINDOWS\System32\GDI32.dll
0x00007ff956860000 - 0x00007ff956977000 	C:\WINDOWS\System32\gdi32full.dll
0x00007ff956380000 - 0x00007ff95641d000 	C:\WINDOWS\System32\msvcp_win.dll
0x00007ff957c50000 - 0x00007ff957c82000 	C:\WINDOWS\System32\IMM32.DLL
0x00007ff951c00000 - 0x00007ff951c1b000 	C:\Program Files\Java\jdk-1.8\jre\bin\vcruntime140.dll
0x00007ff94eac0000 - 0x00007ff94eacc000 	C:\Program Files\Java\jdk-1.8\jre\bin\vcruntime140_1.dll
0x00007ff918810000 - 0x00007ff91889e000 	C:\Program Files\Java\jdk-1.8\jre\bin\msvcp140.dll
0x00007ff8efee0000 - 0x00007ff8f0790000 	C:\Program Files\Java\jdk-1.8\jre\bin\server\jvm.dll
0x00007ff956e10000 - 0x00007ff956e18000 	C:\WINDOWS\System32\PSAPI.DLL
0x00007ff941b80000 - 0x00007ff941b89000 	C:\WINDOWS\SYSTEM32\WSOCK32.dll
0x00007ff94ffe0000 - 0x00007ff94ffea000 	C:\WINDOWS\SYSTEM32\VERSION.dll
0x00007ff9479f0000 - 0x00007ff947a17000 	C:\WINDOWS\SYSTEM32\WINMM.dll
0x00007ff958bc0000 - 0x00007ff958c2b000 	C:\WINDOWS\System32\WS2_32.dll
0x00007ff954b50000 - 0x00007ff954b62000 	C:\WINDOWS\SYSTEM32\kernel.appcore.dll
0x00007ff94e340000 - 0x00007ff94e350000 	C:\Program Files\Java\jdk-1.8\jre\bin\verify.dll
0x00007ff92ca30000 - 0x00007ff92ca5b000 	C:\Program Files\Java\jdk-1.8\jre\bin\java.dll
0x00007ff946160000 - 0x00007ff946178000 	C:\Program Files\Java\jdk-1.8\jre\bin\zip.dll
0x00007ff9574e0000 - 0x00007ff957c4b000 	C:\WINDOWS\System32\SHELL32.dll
0x00007ff9543a0000 - 0x00007ff954b3d000 	C:\WINDOWS\SYSTEM32\windows.storage.dll
0x00007ff958340000 - 0x00007ff958693000 	C:\WINDOWS\System32\combase.dll
0x00007ff955d20000 - 0x00007ff955d4e000 	C:\WINDOWS\SYSTEM32\Wldp.dll
0x00007ff957c90000 - 0x00007ff957d5d000 	C:\WINDOWS\System32\OLEAUT32.dll
0x00007ff9586a0000 - 0x00007ff95874d000 	C:\WINDOWS\System32\SHCORE.dll
0x00007ff9572d0000 - 0x00007ff957325000 	C:\WINDOWS\System32\shlwapi.dll
0x00007ff9562b0000 - 0x00007ff9562d4000 	C:\WINDOWS\SYSTEM32\profapi.dll
0x00007ff946da0000 - 0x00007ff946f84000 	C:\WINDOWS\SYSTEM32\dbghelp.dll
0x00007ff956420000 - 0x00007ff9564a2000 	C:\WINDOWS\System32\bcryptPrimitives.dll

VM Arguments:
jvm_args: -Dapplication.home=C:\Program Files\Java\jdk-1.8 -Xms8m 
java_command: com.sun.tools.javac.Main -d G:\OneDrive\Documents\Coding\cl\HospitalManagementSystem\build\classes -classpath G:\OneDrive\Documents\Coding\cl\HospitalManagementSystem\build\classes;G:\OneDrive\Documents\Coding\cl\HospitalManagementSystem\lib\fontawesomefx-8.2.jar;G:\OneDrive\Documents\Coding\cl\HospitalManagementSystem\lib\mssql-jdbc-12.6.1.jre8.jar;C:\Program Files\Java\jdk-1.8\jre\lib\javaws.jar;C:\Program Files\Java\jdk-1.8\jre\lib\deploy.jar;C:\Program Files\Java\jdk-1.8\jre\lib\plugin.jar -sourcepath G:\OneDrive\Documents\Coding\cl\HospitalManagementSystem\build\empty -target 1.8 -encoding UTF-8 -g -processorpath G:\OneDrive\Documents\Coding\cl\HospitalManagementSystem\lib\fontawesomefx-8.2.jar;G:\OneDrive\Documents\Coding\cl\HospitalManagementSystem\lib\mssql-jdbc-12.6.1.jre8.jar;C:\Program Files\Java\jdk-1.8\jre\lib\javaws.jar;C:\Program Files\Java\jdk-1.8\jre\lib\deploy.jar;C:\Program Files\Java\jdk-1.8\jre\lib\plugin.jar;G:\OneDrive\Documents\Coding\cl\HospitalManagementSystem\build\empty -s G:\OneDrive\Documents\Coding\cl\HospitalManagementSystem\build\generated-sources\ap-source-output -source 1.8 G:\OneDrive\Documents\Coding\cl\HospitalManagementSystem\src\hospitalmanagementsystem\DoctorMainFormController.java
java_class_path (initial): C:\Program Files\Java\jdk-1.8/lib/tools.jar;C:\Program Files\Java\jdk-1.8/classes
Launcher Type: SUN_STANDARD

Environment Variables:
JAVA_HOME=C:\Program Files\Java\jdk-1.8
PATH=C:\Program Files\Common Files\Oracle\Java\javapath;C:\Program Files\Microsoft MPI\Bin\;C:\Program Files (x86)\VietPN;C:\Program Files\dotnet\;C:\Program Files\Microsoft SQL Server\Client SDK\ODBC\170\Tools\Binn\;C:\ProgramData\chocolatey\bin;C:\tools\gsudo\Current;C:\Program Files\NVIDIA Corporation\NVIDIA NvDLISR;D:\laragon\bin\php\php-8.0.0;C:\composer;C:\xampp\php;C:\Program Files\Git\cmd;C:\Program Files\php-8.0.29-Win32-vs16-x64;C:\Users\PC\AppData\Roaming\nvm;C:\Program Files\nodejs;C:\Program Files (x86)\Microsoft SQL Server\160\Tools\Binn\;C:\Program Files\Microsoft SQL Server\160\Tools\Binn\;C:\Program Files\Microsoft SQL Server\160\DTS\Binn\;C:\Program Files\nodejs\;C:\Program Files (x86)\NVIDIA Corporation\PhysX\Common;C:\Program Files\Docker\Docker\resources\bin;C:\Program Files\Java\jdk-1.8\bin;C:\Users\PC\AppData\Local\Programs\Python\Python312\Scripts\;C:\Users\PC\AppData\Local\Programs\Python\Python312\;C:\Users\PC\AppData\Local\Microsoft\WindowsApps;C:\Program Files\Azure Data Studio\bin;C:\apache-maven-3.8.4\bin;C:\Program Files\Azure Data Studio\bin;C:\Users\PC\.dotnet\tools;C:\Program Files\dotnet;C:\Users\PC\AppData\Local\GitHubDesktop\bin;D:\Microsoft VS Code\bin;D:\PyCharm\PyCharm Community Edition 2022.1.2\bin;;C:\Windows\System32;C:\Program Files\Azure Data Studio\bin;D:\IntelliJ IDEA Community Edition 2024.1.1\bin;;C:\Users\PC\AppData\Roaming\Composer\vendor\bin;D:\IntelliJ IDEA 2023.1\bin;;C:\Users\PC\AppData\Local\Programs\oh-my-posh\bin;C:\WINDOWS\System32\WindowsPowerShell\v1.0\;C:\Users\PC\AppData\Roaming\nvm;C:\Program Files\nodejs;C:\Users\PC\AppData\Local\Programs\mongosh\;C:\Users\PC\AppData\Roaming\npm;C:\Users\PC\AppData\Local\Programs\Azure Data Studio\bin;C:\path\to\chromedriver;C:\Program Files\Java\jdk-1.8\bin;
USERNAME=PCvinhvizg
OS=Windows_NT
PROCESSOR_IDENTIFIER=Intel64 Family 6 Model 158 Stepping 10, GenuineIntel



---------------  S Y S T E M  ---------------

OS: Windows 10 , 64 bit Build 19041 (10.0.19041.3636)

CPU:total 12 (initial active 12) (6 cores per cpu, 2 threads per core) family 6 model 158 stepping 10, cmov, cx8, fxsr, mmx, sse, sse2, sse3, ssse3, sse4.1, sse4.2, popcnt, avx, avx2, aes, clmul, erms, 3dnowpref, lzcnt, ht, tsc, tscinvbit, bmi1, bmi2, adx

Memory: 4k page, physical 16620240k(3519780k free), swap 18717392k(107660k free)

vm_info: Java HotSpot(TM) 64-Bit Server VM (25.401-b10) for windows-amd64 JRE (1.8.0_401-b10), built on Dec 19 2023 12:38:48 by "java_re" with MS VC++ 17.1 (VS2022)

time: Mon May 27 16:36:49 2024
timezone: SE Asia Standard Time
elapsed time: 2.556211 seconds (0d 0h 0m 2s)

