#
# There is insufficient memory for the Java Runtime Environment to continue.
# Native memory allocation (malloc) failed to allocate 1048576 bytes for AllocateHeap
# Possible reasons:
#   The system is out of physical RAM or swap space
#   The process is running with CompressedOops enabled, and the Java Heap may be blocking the growth of the native heap
# Possible solutions:
#   Reduce memory load on the system
#   Increase physical memory or swap space
#   Check if swap backing store is full
#   Decrease Java heap size (-Xmx/-Xms)
#   Decrease number of Java threads
#   Decrease Java thread stack sizes (-Xss)
#   Set larger code cache with -XX:ReservedCodeCacheSize=
#   JVM is running with Zero Based Compressed Oops mode in which the Java heap is
#     placed in the first 32GB address space. The Java Heap base address is the
#     maximum limit for the native heap growth. Please use -XX:HeapBaseMinAddress
#     to set the Java Heap base and to place the Java Heap above 32GB virtual address.
# This output file may be truncated or incomplete.
#
#  Out of Memory Error (memory/allocation.inline.hpp:61), pid=10068, tid=0x0000000000000674
#
# JRE version:  (8.0_401) (build )
# Java VM: Java HotSpot(TM) 64-Bit Server VM (25.401-b10 mixed mode windows-amd64 compressed oops)
# Failed to write core dump. Minidumps are not enabled by default on client versions of Windows
#

---------------  T H R E A D  ---------------

Current thread (0x000001e95ef86800):  JavaThread "Unknown thread" [_thread_in_vm, id=1652, stack(0x00000026f9e00000,0x00000026f9f00000)]

Stack: [0x00000026f9e00000,0x00000026f9f00000]
Native frames: (J=compiled Java code, j=interpreted, Vv=VM code, C=native code)
V  [jvm.dll+0x3530d9]
V  [jvm.dll+0x290072]
V  [jvm.dll+0x290c3d]
V  [jvm.dll+0x285275]
V  [jvm.dll+0x502d]
V  [jvm.dll+0x3f02f2]
V  [jvm.dll+0x3f1067]
V  [jvm.dll+0x3ece57]
V  [jvm.dll+0x105adf]
V  [jvm.dll+0x21b0eb]
V  [jvm.dll+0x24c04a]
V  [jvm.dll+0x16d5e6]
C  [java.exe+0x2412]
C  [java.exe+0x165e0]
C  [KERNEL32.DLL+0x17344]
C  [ntdll.dll+0x526b1]


---------------  P R O C E S S  ---------------

Java Threads: ( => current thread )

Other Threads:

=>0x000001e95ef86800 (exited) JavaThread "Unknown thread" [_thread_in_vm, id=1652, stack(0x00000026f9e00000,0x00000026f9f00000)]

VM state:not at safepoint (normal execution)

VM Mutex/Monitor currently owned by a thread: None

heap address: 0x00000006c2600000, size: 4058 MB, Compressed Oops mode: Zero based, Oop shift amount: 3
Narrow klass base: 0x0000000000000000, Narrow klass shift: 3
Compressed class space size: 1073741824 Address: 0x00000007c0000000

Heap:
 PSYoungGen      total 75776K, used 1300K [0x000000076b780000, 0x0000000770c00000, 0x00000007c0000000)
  eden space 65024K, 2% used [0x000000076b780000,0x000000076b8c51f8,0x000000076f700000)
  from space 10752K, 0% used [0x0000000770180000,0x0000000770180000,0x0000000770c00000)
  to   space 10752K, 0% used [0x000000076f700000,0x000000076f700000,0x0000000770180000)
 ParOldGen       total 173568K, used 0K [0x00000006c2600000, 0x00000006ccf80000, 0x000000076b780000)
  object space 173568K, 0% used [0x00000006c2600000,0x00000006c2600000,0x00000006ccf80000)
 Metaspace       used 775K, capacity 4480K, committed 4480K, reserved 1056768K
  class space    used 76K, capacity 384K, committed 384K, reserved 1048576K

Card table byte_map: [0x000001e96fc40000,0x000001e970430000] byte_map_base: 0x000001e96c62d000

Marking Bits: (ParMarkBitMap*) 0x00007ff8f0715fc0
 Begin Bits: [0x000001e970980000, 0x000001e9748e8000)
 End Bits:   [0x000001e9748e8000, 0x000001e978850000)

Polling page: 0x000001e95ef40000

CodeCache: size=245760Kb used=329Kb max_used=329Kb free=245430Kb
 bounds [0x000001e960880000, 0x000001e960af0000, 0x000001e96f880000]
 total_blobs=58 nmethods=0 adapters=38
 compilation: enabled

Compilation events (0 events):
No events

GC Heap History (0 events):
No events

Deoptimization events (0 events):
No events

Classes redefined (0 events):
No events

Internal exceptions (0 events):
No events

Events (10 events):
Event: 0.020 loading class java/lang/Short
Event: 0.020 loading class java/lang/Short done
Event: 0.020 loading class java/lang/Integer
Event: 0.020 loading class java/lang/Integer done
Event: 0.020 loading class java/lang/Long
Event: 0.021 loading class java/lang/Long done
Event: 0.021 loading class java/lang/NullPointerException
Event: 0.021 loading class java/lang/NullPointerException done
Event: 0.021 loading class java/lang/ArithmeticException
Event: 0.021 loading class java/lang/ArithmeticException done


Dynamic libraries:
0x00007ff64ab60000 - 0x00007ff64abaa000 	C:\Program Files\Java\jdk-1.8\jre\bin\java.exe
0x00007ff958cd0000 - 0x00007ff958ec8000 	C:\WINDOWS\SYSTEM32\ntdll.dll
0x00007ff958280000 - 0x00007ff95833d000 	C:\WINDOWS\System32\KERNEL32.DLL
0x00007ff9564b0000 - 0x00007ff9567a6000 	C:\WINDOWS\System32\KERNELBASE.dll
0x00007ff956d60000 - 0x00007ff956e10000 	C:\WINDOWS\System32\ADVAPI32.dll
0x00007ff957090000 - 0x00007ff95712e000 	C:\WINDOWS\System32\msvcrt.dll
0x00007ff956e20000 - 0x00007ff956ec0000 	C:\WINDOWS\System32\sechost.dll
0x00007ff958150000 - 0x00007ff958273000 	C:\WINDOWS\System32\RPCRT4.dll
0x00007ff956830000 - 0x00007ff956857000 	C:\WINDOWS\System32\bcrypt.dll
0x00007ff956ec0000 - 0x00007ff95705f000 	C:\WINDOWS\System32\USER32.dll
0x00007ff9567b0000 - 0x00007ff9567d2000 	C:\WINDOWS\System32\win32u.dll
0x00007ff957060000 - 0x00007ff95708b000 	C:\WINDOWS\System32\GDI32.dll
0x00007ff956860000 - 0x00007ff956977000 	C:\WINDOWS\System32\gdi32full.dll
0x00007ff956380000 - 0x00007ff95641d000 	C:\WINDOWS\System32\msvcp_win.dll
0x00007ff956980000 - 0x00007ff956a80000 	C:\WINDOWS\System32\ucrtbase.dll
0x00007ff944eb0000 - 0x00007ff94514a000 	C:\WINDOWS\WinSxS\amd64_microsoft.windows.common-controls_6595b64144ccf1df_6.0.19041.4355_none_60b8b9eb71f62e16\COMCTL32.dll
0x00007ff957c50000 - 0x00007ff957c82000 	C:\WINDOWS\System32\IMM32.DLL
0x00007ff951c00000 - 0x00007ff951c1b000 	C:\Program Files\Java\jdk-1.8\jre\bin\vcruntime140.dll
0x00007ff94eac0000 - 0x00007ff94eacc000 	C:\Program Files\Java\jdk-1.8\jre\bin\vcruntime140_1.dll
0x00007ff918810000 - 0x00007ff91889e000 	C:\Program Files\Java\jdk-1.8\jre\bin\msvcp140.dll
0x00007ff8efee0000 - 0x00007ff8f0790000 	C:\Program Files\Java\jdk-1.8\jre\bin\server\jvm.dll
0x00007ff956e10000 - 0x00007ff956e18000 	C:\WINDOWS\System32\PSAPI.DLL
0x00007ff94ffe0000 - 0x00007ff94ffea000 	C:\WINDOWS\SYSTEM32\VERSION.dll
0x00007ff9479f0000 - 0x00007ff947a17000 	C:\WINDOWS\SYSTEM32\WINMM.dll
0x00007ff941b80000 - 0x00007ff941b89000 	C:\WINDOWS\SYSTEM32\WSOCK32.dll
0x00007ff958bc0000 - 0x00007ff958c2b000 	C:\WINDOWS\System32\WS2_32.dll
0x00007ff954b50000 - 0x00007ff954b62000 	C:\WINDOWS\SYSTEM32\kernel.appcore.dll
0x00007ff94e340000 - 0x00007ff94e350000 	C:\Program Files\Java\jdk-1.8\jre\bin\verify.dll
0x00007ff92ca30000 - 0x00007ff92ca5b000 	C:\Program Files\Java\jdk-1.8\jre\bin\java.dll
0x00007ff946160000 - 0x00007ff946178000 	C:\Program Files\Java\jdk-1.8\jre\bin\zip.dll
0x00007ff946da0000 - 0x00007ff946f84000 	C:\WINDOWS\SYSTEM32\dbghelp.dll
0x00007ff956420000 - 0x00007ff9564a2000 	C:\WINDOWS\System32\bcryptPrimitives.dll

VM Arguments:
java_command: <unknown>
java_class_path (initial): .
Launcher Type: SUN_STANDARD

Environment Variables:
JAVA_HOME=C:\Program Files\Java\jdk-1.8
PATH=C:\Program Files\Common Files\Oracle\Java\javapath;C:\Program Files\Microsoft MPI\Bin\;C:\Program Files (x86)\VietPN;C:\Program Files\dotnet\;C:\Program Files\Microsoft SQL Server\Client SDK\ODBC\170\Tools\Binn\;C:\ProgramData\chocolatey\bin;C:\tools\gsudo\Current;C:\Program Files\NVIDIA Corporation\NVIDIA NvDLISR;D:\laragon\bin\php\php-8.0.0;C:\composer;C:\xampp\php;C:\Program Files\Git\cmd;C:\Program Files\php-8.0.29-Win32-vs16-x64;C:\Users\PC\AppData\Roaming\nvm;C:\Program Files\nodejs;C:\Program Files (x86)\Microsoft SQL Server\160\Tools\Binn\;C:\Program Files\Microsoft SQL Server\160\Tools\Binn\;C:\Program Files\Microsoft SQL Server\160\DTS\Binn\;C:\Program Files\nodejs\;C:\Program Files (x86)\NVIDIA Corporation\PhysX\Common;C:\Program Files\Docker\Docker\resources\bin;C:\Program Files\Java\jdk-1.8\bin;C:\Users\PC\AppData\Local\Programs\Python\Python312\Scripts\;C:\Users\PC\AppData\Local\Programs\Python\Python312\;C:\Users\PC\AppData\Local\Microsoft\WindowsApps;C:\Program Files\Azure Data Studio\bin;C:\apache-maven-3.8.4\bin;C:\Program Files\Azure Data Studio\bin;C:\Users\PC\.dotnet\tools;C:\Program Files\dotnet;C:\Users\PC\AppData\Local\GitHubDesktop\bin;D:\Microsoft VS Code\bin;D:\PyCharm\PyCharm Community Edition 2022.1.2\bin;;C:\Windows\System32;C:\Program Files\Azure Data Studio\bin;D:\IntelliJ IDEA Community Edition 2024.1.1\bin;;C:\Users\PC\AppData\Roaming\Composer\vendor\bin;D:\IntelliJ IDEA 2023.1\bin;;C:\Users\PC\AppData\Local\Programs\oh-my-posh\bin;C:\WINDOWS\System32\WindowsPowerShell\v1.0\;C:\Users\PC\AppData\Roaming\nvm;C:\Program Files\nodejs;C:\Users\PC\AppData\Local\Programs\mongosh\;C:\Users\PC\AppData\Roaming\npm;C:\Users\PC\AppData\Local\Programs\Azure Data Studio\bin;C:\path\to\chromedriver;C:\Program Files\Java\jdk-1.8\bin;
USERNAME=PCvinhvizg
OS=Windows_NT
PROCESSOR_IDENTIFIER=Intel64 Family 6 Model 158 Stepping 10, GenuineIntel



---------------  S Y S T E M  ---------------

OS: Windows 10 , 64 bit Build 19041 (10.0.19041.3636)

CPU:total 12 (initial active 12) (6 cores per cpu, 2 threads per core) family 6 model 158 stepping 10, cmov, cx8, fxsr, mmx, sse, sse2, sse3, ssse3, sse4.1, sse4.2, popcnt, avx, avx2, aes, clmul, erms, 3dnowpref, lzcnt, ht, tsc, tscinvbit, bmi1, bmi2, adx

Memory: 4k page, physical 16620240k(6146596k free), swap 18717392k(5132k free)

vm_info: Java HotSpot(TM) 64-Bit Server VM (25.401-b10) for windows-amd64 JRE (1.8.0_401-b10), built on Dec 19 2023 12:38:48 by "java_re" with MS VC++ 17.1 (VS2022)

time: Mon May 27 16:53:58 2024
timezone: SE Asia Standard Time
elapsed time: 0.037948 seconds (0d 0h 0m 0s)

