#
# There is insufficient memory for the Java Runtime Environment to continue.
# Native memory allocation (malloc) failed to allocate 499536 bytes for Chunk::new
# Possible reasons:
#   The system is out of physical RAM or swap space
#   The process is running with CompressedOops enabled, and the Java Heap may be blocking the growth of the native heap
# Possible solutions:
#   Reduce memory load on the system
#   Increase physical memory or swap space
#   Check if swap backing store is full
#   Decrease Java heap size (-Xmx/-Xms)
#   Decrease number of Java threads
#   Decrease Java thread stack sizes (-Xss)
#   Set larger code cache with -XX:ReservedCodeCacheSize=
#   JVM is running with Zero Based Compressed Oops mode in which the Java heap is
#     placed in the first 32GB address space. The Java Heap base address is the
#     maximum limit for the native heap growth. Please use -XX:HeapBaseMinAddress
#     to set the Java Heap base and to place the Java Heap above 32GB virtual address.
# This output file may be truncated or incomplete.
#
#  Out of Memory Error (allocation.cpp:389), pid=2572, tid=0x0000000000001c78
#
# JRE version: Java(TM) SE Runtime Environment (8.0_401) (build 1.8.0_401-b10)
# Java VM: Java HotSpot(TM) 64-Bit Server VM (25.401-b10 mixed mode windows-amd64 compressed oops)
# Failed to write core dump. Minidumps are not enabled by default on client versions of Windows
#

---------------  T H R E A D  ---------------

Current thread (0x000001e81e5d6800):  JavaThread "C2 CompilerThread1" daemon [_thread_in_native, id=7288, stack(0x000000ba8c700000,0x000000ba8c800000)]

Stack: [0x000000ba8c700000,0x000000ba8c800000]
Native frames: (J=compiled Java code, j=interpreted, Vv=VM code, C=native code)
V  [jvm.dll+0x3530d9]
V  [jvm.dll+0x290072]
V  [jvm.dll+0x290c3d]
V  [jvm.dll+0x285275]
V  [jvm.dll+0xdbbbc]
V  [jvm.dll+0xdc3cc]
V  [jvm.dll+0x47cc22]
V  [jvm.dll+0x4bd1bb]
V  [jvm.dll+0x46b6f1]
V  [jvm.dll+0x468572]
V  [jvm.dll+0x4523ac]
V  [jvm.dll+0xb08f6]
V  [jvm.dll+0xaefcf]
V  [jvm.dll+0x2515d2]
V  [jvm.dll+0x2acb3c]
C  [ucrtbase.dll+0x21bb2]
C  [KERNEL32.DLL+0x17344]
C  [ntdll.dll+0x526b1]


Current CompileTask:
C2:    472  445 %     4       com.sun.tools.javac.file.ZipFileIndex$ZipDirectory::readEntry @ 102 (587 bytes)


---------------  P R O C E S S  ---------------

Java Threads: ( => current thread )
  0x000001e81e5fe000 JavaThread "Service Thread" daemon [_thread_blocked, id=11332, stack(0x000000ba8ca00000,0x000000ba8cb00000)]
  0x000001e81e5db800 JavaThread "C1 CompilerThread3" daemon [_thread_in_native, id=18344, stack(0x000000ba8c900000,0x000000ba8ca00000)]
  0x000001e81e5da800 JavaThread "C2 CompilerThread2" daemon [_thread_in_native, id=7480, stack(0x000000ba8c800000,0x000000ba8c900000)]
=>0x000001e81e5d6800 JavaThread "C2 CompilerThread1" daemon [_thread_in_native, id=7288, stack(0x000000ba8c700000,0x000000ba8c800000)]
  0x000001e81e5d1000 JavaThread "C2 CompilerThread0" daemon [_thread_blocked, id=3600, stack(0x000000ba8c600000,0x000000ba8c700000)]
  0x000001e81e5cc000 JavaThread "Attach Listener" daemon [_thread_blocked, id=12276, stack(0x000000ba8c500000,0x000000ba8c600000)]
  0x000001e81e5cb000 JavaThread "Signal Dispatcher" daemon [_thread_blocked, id=16724, stack(0x000000ba8c400000,0x000000ba8c500000)]
  0x000001e81e5a8000 JavaThread "Finalizer" daemon [_thread_blocked, id=18464, stack(0x000000ba8c300000,0x000000ba8c400000)]
  0x000001e81e5a0000 JavaThread "Reference Handler" daemon [_thread_blocked, id=13544, stack(0x000000ba8c200000,0x000000ba8c300000)]
  0x000001e803883800 JavaThread "main" [_thread_in_Java, id=19208, stack(0x000000ba8b600000,0x000000ba8b700000)]

Other Threads:
  0x000001e81e579000 VMThread [stack: 0x000000ba8c100000,0x000000ba8c200000] [id=12940]
  0x000001e820abd800 WatcherThread [stack: 0x000000ba8cb00000,0x000000ba8cc00000] [id=10680]

VM state:not at safepoint (normal execution)

VM Mutex/Monitor currently owned by a thread:  ([mutex/lock_event])
[0x000001e8038799e0] CodeCache_lock - owner thread: 0x000001e81e5db800
[0x000001e80387bc40] MethodCompileQueue_lock - owner thread: 0x0000000000000000

heap address: 0x00000006c2600000, size: 4058 MB, Compressed Oops mode: Zero based, Oop shift amount: 3
Narrow klass base: 0x0000000000000000, Narrow klass shift: 3
Compressed class space size: 1073741824 Address: 0x00000007c0000000

Heap:
 PSYoungGen      total 6656K, used 4735K [0x000000076b780000, 0x000000076c980000, 0x00000007c0000000)
  eden space 6144K, 77% used [0x000000076b780000,0x000000076bc1ffe0,0x000000076bd80000)
  from space 512K, 0% used [0x000000076bd80000,0x000000076bd80000,0x000000076be00000)
  to   space 3072K, 0% used [0x000000076c680000,0x000000076c680000,0x000000076c980000)
 ParOldGen       total 5632K, used 5425K [0x00000006c2600000, 0x00000006c2b80000, 0x000000076b780000)
  object space 5632K, 96% used [0x00000006c2600000,0x00000006c2b4c4d8,0x00000006c2b80000)
 Metaspace       used 7653K, capacity 8436K, committed 8704K, reserved 1056768K
  class space    used 915K, capacity 944K, committed 1024K, reserved 1048576K

Card table byte_map: [0x000001e814700000,0x000001e814ef0000] byte_map_base: 0x000001e8110ed000

Marking Bits: (ParMarkBitMap*) 0x00007ff8f0715fc0
 Begin Bits: [0x000001e815440000, 0x000001e8193a8000)
 End Bits:   [0x000001e8193a8000, 0x000001e81d310000)

Polling page: 0x000001e803a40000

CodeCache: size=245760Kb used=2819Kb max_used=2819Kb free=242940Kb
 bounds [0x000001e805340000, 0x000001e805610000, 0x000001e814340000]
 total_blobs=906 nmethods=614 adapters=205
 compilation: enabled

Compilation events (10 events):
Event: 0.441 Thread 0x000001e81e5db800 nmethod 503 0x000001e8055b0010 code [0x000001e8055b0180, 0x000001e8055b0390]
Event: 0.442 Thread 0x000001e81e5db800  506       3       java.util.HashSet::add (20 bytes)
Event: 0.442 Thread 0x000001e81e5d1000 nmethod 499 0x000001e8055b5350 code [0x000001e8055b54a0, 0x000001e8055b57d8]
Event: 0.442 Thread 0x000001e81e5db800 nmethod 506 0x000001e8055b8110 code [0x000001e8055b82a0, 0x000001e8055b87c0]
Event: 0.442 Thread 0x000001e81e5d1000  501       4       java.util.HashMap::putVal (300 bytes)
Event: 0.442 Thread 0x000001e81e5db800  508       3       java.lang.Character::charCount (12 bytes)
Event: 0.442 Thread 0x000001e81e5db800 nmethod 508 0x000001e8055afc90 code [0x000001e8055afde0, 0x000001e8055aff78]
Event: 0.442 Thread 0x000001e81e5db800  507       3       java.lang.Character::isHighSurrogate (18 bytes)
Event: 0.442 Thread 0x000001e81e5db800 nmethod 507 0x000001e8055b7d50 code [0x000001e8055b7ea0, 0x000001e8055b8078]
Event: 0.442 Thread 0x000001e81e5db800  509       3       java.lang.String$CaseInsensitiveComparator::compare (111 bytes)

GC Heap History (10 events):
Event: 0.201 GC heap before
{Heap before GC invocations=3 (full 0):
 PSYoungGen      total 3584K, used 3498K [0x000000076b780000, 0x000000076bb80000, 0x00000007c0000000)
  eden space 3072K, 97% used [0x000000076b780000,0x000000076ba6eab8,0x000000076ba80000)
  from space 512K, 96% used [0x000000076bb00000,0x000000076bb7c010,0x000000076bb80000)
  to   space 512K, 0% used [0x000000076ba80000,0x000000076ba80000,0x000000076bb00000)
 ParOldGen       total 5632K, used 148K [0x00000006c2600000, 0x00000006c2b80000, 0x000000076b780000)
  object space 5632K, 2% used [0x00000006c2600000,0x00000006c2625030,0x00000006c2b80000)
 Metaspace       used 5057K, capacity 6284K, committed 6656K, reserved 1056768K
  class space    used 621K, capacity 648K, committed 768K, reserved 1048576K
Event: 0.202 GC heap after
Heap after GC invocations=3 (full 0):
 PSYoungGen      total 3584K, used 495K [0x000000076b780000, 0x000000076be80000, 0x00000007c0000000)
  eden space 3072K, 0% used [0x000000076b780000,0x000000076b780000,0x000000076ba80000)
  from space 512K, 96% used [0x000000076ba80000,0x000000076bafbc20,0x000000076bb00000)
  to   space 512K, 0% used [0x000000076be00000,0x000000076be00000,0x000000076be80000)
 ParOldGen       total 5632K, used 652K [0x00000006c2600000, 0x00000006c2b80000, 0x000000076b780000)
  object space 5632K, 11% used [0x00000006c2600000,0x00000006c26a3050,0x00000006c2b80000)
 Metaspace       used 5057K, capacity 6284K, committed 6656K, reserved 1056768K
  class space    used 621K, capacity 648K, committed 768K, reserved 1048576K
}
Event: 0.262 GC heap before
{Heap before GC invocations=4 (full 0):
 PSYoungGen      total 3584K, used 3555K [0x000000076b780000, 0x000000076be80000, 0x00000007c0000000)
  eden space 3072K, 99% used [0x000000076b780000,0x000000076ba7d258,0x000000076ba80000)
  from space 512K, 96% used [0x000000076ba80000,0x000000076bafbc20,0x000000076bb00000)
  to   space 512K, 0% used [0x000000076be00000,0x000000076be00000,0x000000076be80000)
 ParOldGen       total 5632K, used 652K [0x00000006c2600000, 0x00000006c2b80000, 0x000000076b780000)
  object space 5632K, 11% used [0x00000006c2600000,0x00000006c26a3050,0x00000006c2b80000)
 Metaspace       used 6168K, capacity 7276K, committed 7552K, reserved 1056768K
  class space    used 772K, capacity 808K, committed 896K, reserved 1048576K
Event: 0.263 GC heap after
Heap after GC invocations=4 (full 0):
 PSYoungGen      total 6656K, used 496K [0x000000076b780000, 0x000000076be80000, 0x00000007c0000000)
  eden space 6144K, 0% used [0x000000076b780000,0x000000076b780000,0x000000076bd80000)
  from space 512K, 96% used [0x000000076be00000,0x000000076be7c010,0x000000076be80000)
  to   space 512K, 0% used [0x000000076bd80000,0x000000076bd80000,0x000000076be00000)
 ParOldGen       total 5632K, used 989K [0x00000006c2600000, 0x00000006c2b80000, 0x000000076b780000)
  object space 5632K, 17% used [0x00000006c2600000,0x00000006c26f7560,0x00000006c2b80000)
 Metaspace       used 6168K, capacity 7276K, committed 7552K, reserved 1056768K
  class space    used 772K, capacity 808K, committed 896K, reserved 1048576K
}
Event: 0.358 GC heap before
{Heap before GC invocations=5 (full 0):
 PSYoungGen      total 6656K, used 6640K [0x000000076b780000, 0x000000076be80000, 0x00000007c0000000)
  eden space 6144K, 100% used [0x000000076b780000,0x000000076bd80000,0x000000076bd80000)
  from space 512K, 96% used [0x000000076be00000,0x000000076be7c010,0x000000076be80000)
  to   space 512K, 0% used [0x000000076bd80000,0x000000076bd80000,0x000000076be00000)
 ParOldGen       total 5632K, used 989K [0x00000006c2600000, 0x00000006c2b80000, 0x000000076b780000)
  object space 5632K, 17% used [0x00000006c2600000,0x00000006c26f7560,0x00000006c2b80000)
 Metaspace       used 7456K, capacity 8308K, committed 8448K, reserved 1056768K
  class space    used 902K, capacity 944K, committed 1024K, reserved 1048576K
Event: 0.361 GC heap after
Heap after GC invocations=5 (full 0):
 PSYoungGen      total 6656K, used 496K [0x000000076b780000, 0x000000076c980000, 0x00000007c0000000)
  eden space 6144K, 0% used [0x000000076b780000,0x000000076b780000,0x000000076bd80000)
  from space 512K, 96% used [0x000000076bd80000,0x000000076bdfc010,0x000000076be00000)
  to   space 3072K, 0% used [0x000000076c680000,0x000000076c680000,0x000000076c980000)
 ParOldGen       total 5632K, used 3936K [0x00000006c2600000, 0x00000006c2b80000, 0x000000076b780000)
  object space 5632K, 69% used [0x00000006c2600000,0x00000006c29d82e0,0x00000006c2b80000)
 Metaspace       used 7456K, capacity 8308K, committed 8448K, reserved 1056768K
  class space    used 902K, capacity 944K, committed 1024K, reserved 1048576K
}
Event: 0.361 GC heap before
{Heap before GC invocations=6 (full 1):
 PSYoungGen      total 6656K, used 496K [0x000000076b780000, 0x000000076c980000, 0x00000007c0000000)
  eden space 6144K, 0% used [0x000000076b780000,0x000000076b780000,0x000000076bd80000)
  from space 512K, 96% used [0x000000076bd80000,0x000000076bdfc010,0x000000076be00000)
  to   space 3072K, 0% used [0x000000076c680000,0x000000076c680000,0x000000076c980000)
 ParOldGen       total 5632K, used 3936K [0x00000006c2600000, 0x00000006c2b80000, 0x000000076b780000)
  object space 5632K, 69% used [0x00000006c2600000,0x00000006c29d82e0,0x00000006c2b80000)
 Metaspace       used 7456K, capacity 8308K, committed 8448K, reserved 1056768K
  class space    used 902K, capacity 944K, committed 1024K, reserved 1048576K
Event: 0.389 GC heap after
Heap after GC invocations=6 (full 1):
 PSYoungGen      total 6656K, used 0K [0x000000076b780000, 0x000000076c980000, 0x00000007c0000000)
  eden space 6144K, 0% used [0x000000076b780000,0x000000076b780000,0x000000076bd80000)
  from space 512K, 0% used [0x000000076bd80000,0x000000076bd80000,0x000000076be00000)
  to   space 3072K, 0% used [0x000000076c680000,0x000000076c680000,0x000000076c980000)
 ParOldGen       total 5632K, used 4256K [0x00000006c2600000, 0x00000006c2b80000, 0x000000076b780000)
  object space 5632K, 75% used [0x00000006c2600000,0x00000006c2a28228,0x00000006c2b80000)
 Metaspace       used 7456K, capacity 8308K, committed 8448K, reserved 1056768K
  class space    used 902K, capacity 944K, committed 1024K, reserved 1048576K
}
Event: 0.412 GC heap before
{Heap before GC invocations=7 (full 2):
 PSYoungGen      total 6656K, used 6144K [0x000000076b780000, 0x000000076c980000, 0x00000007c0000000)
  eden space 6144K, 100% used [0x000000076b780000,0x000000076bd80000,0x000000076bd80000)
  from space 512K, 0% used [0x000000076bd80000,0x000000076bd80000,0x000000076be00000)
  to   space 3072K, 0% used [0x000000076c680000,0x000000076c680000,0x000000076c980000)
 ParOldGen       total 5632K, used 4256K [0x00000006c2600000, 0x00000006c2b80000, 0x000000076b780000)
  object space 5632K, 75% used [0x00000006c2600000,0x00000006c2a28228,0x00000006c2b80000)
 Metaspace       used 7479K, capacity 8308K, committed 8448K, reserved 1056768K
  class space    used 903K, capacity 944K, committed 1024K, reserved 1048576K
Event: 0.437 GC heap after
Heap after GC invocations=7 (full 2):
 PSYoungGen      total 6656K, used 676K [0x000000076b780000, 0x000000076c980000, 0x00000007c0000000)
  eden space 6144K, 11% used [0x000000076b780000,0x000000076b829270,0x000000076bd80000)
  from space 512K, 0% used [0x000000076bd80000,0x000000076bd80000,0x000000076be00000)
  to   space 3072K, 0% used [0x000000076c680000,0x000000076c680000,0x000000076c980000)
 ParOldGen       total 5632K, used 5425K [0x00000006c2600000, 0x00000006c2b80000, 0x000000076b780000)
  object space 5632K, 96% used [0x00000006c2600000,0x00000006c2b4c4d8,0x00000006c2b80000)
 Metaspace       used 7479K, capacity 8308K, committed 8448K, reserved 1056768K
  class space    used 903K, capacity 944K, committed 1024K, reserved 1048576K
}

Deoptimization events (6 events):
Event: 0.302 Thread 0x000001e803883800 Uncommon trap: reason=unstable_if action=reinterpret pc=0x000001e8054c08b4 method=java.lang.String.replace(CC)Ljava/lang/String; @ 26
Event: 0.307 Thread 0x000001e803883800 Uncommon trap: reason=class_check action=maybe_recompile pc=0x000001e8054ec928 method=sun.misc.URLClassPath.getLoader(I)Lsun/misc/URLClassPath$Loader; @ 94
Event: 0.328 Thread 0x000001e803883800 Uncommon trap: reason=unstable_if action=reinterpret pc=0x000001e80550aebc method=java.lang.String.<init>([CII)V @ 18
Event: 0.333 Thread 0x000001e803883800 Uncommon trap: reason=unstable_if action=reinterpret pc=0x000001e805536fe8 method=com.sun.tools.javac.parser.UnicodeReader.scanChar()V @ 37
Event: 0.333 Thread 0x000001e803883800 Uncommon trap: reason=unstable_if action=reinterpret pc=0x000001e8055374e4 method=com.sun.tools.javac.parser.UnicodeReader.scanChar()V @ 37
Event: 0.333 Thread 0x000001e803883800 Uncommon trap: reason=unstable_if action=reinterpret pc=0x000001e805539550 method=com.sun.tools.javac.parser.UnicodeReader.scanChar()V @ 37

Classes redefined (0 events):
No events

Internal exceptions (7 events):
Event: 0.025 Thread 0x000001e803883800 Exception <a 'java/lang/NoSuchMethodError': Method sun.misc.Unsafe.defineClass(Ljava/lang/String;[BII)Ljava/lang/Class; name or signature does not match> (0x000000076b787cf0) thrown at [C:\jenkins\workspace\8-2-build-windows-x64-cygwin-sans-NAS\jdk8u401\6
Event: 0.026 Thread 0x000001e803883800 Exception <a 'java/lang/NoSuchMethodError': Method sun.misc.Unsafe.prefetchRead(Ljava/lang/Object;J)V name or signature does not match> (0x000000076b787fd8) thrown at [C:\jenkins\workspace\8-2-build-windows-x64-cygwin-sans-NAS\jdk8u401\683\hotspot\src\sha
Event: 0.101 Thread 0x000001e803883800 Exception <a 'java/security/PrivilegedActionException'> (0x000000076b8ea038) thrown at [C:\jenkins\workspace\8-2-build-windows-x64-cygwin-sans-NAS\jdk8u401\683\hotspot\src\share\vm\prims\jvm.cpp, line 1513]
Event: 0.101 Thread 0x000001e803883800 Exception <a 'java/security/PrivilegedActionException'> (0x000000076b8ea430) thrown at [C:\jenkins\workspace\8-2-build-windows-x64-cygwin-sans-NAS\jdk8u401\683\hotspot\src\share\vm\prims\jvm.cpp, line 1513]
Event: 0.107 Thread 0x000001e803883800 Exception <a 'java/security/PrivilegedActionException'> (0x000000076b793108) thrown at [C:\jenkins\workspace\8-2-build-windows-x64-cygwin-sans-NAS\jdk8u401\683\hotspot\src\share\vm\prims\jvm.cpp, line 1513]
Event: 0.107 Thread 0x000001e803883800 Exception <a 'java/security/PrivilegedActionException'> (0x000000076b793500) thrown at [C:\jenkins\workspace\8-2-build-windows-x64-cygwin-sans-NAS\jdk8u401\683\hotspot\src\share\vm\prims\jvm.cpp, line 1513]
Event: 0.403 Thread 0x000001e803883800 Exception <a 'java/io/FileNotFoundException'> (0x000000076ba701b0) thrown at [C:\jenkins\workspace\8-2-build-windows-x64-cygwin-sans-NAS\jdk8u401\683\hotspot\src\share\vm\prims\jni.cpp, line 710]

Events (10 events):
Event: 0.403 loading class com/sun/tools/javac/file/JavacFileManager$MissingArchive
Event: 0.403 loading class com/sun/tools/javac/file/JavacFileManager$MissingArchive done
Event: 0.412 Executing VM operation: ParallelGCFailedAllocation
Event: 0.437 Executing VM operation: ParallelGCFailedAllocation done
Event: 0.441 loading class com/sun/tools/javac/jvm/ClassReader$25
Event: 0.441 loading class com/sun/tools/javac/jvm/ClassReader$25 done
Event: 0.441 loading class com/sun/tools/javac/code/TargetType
Event: 0.441 loading class com/sun/tools/javac/code/TargetType done
Event: 0.442 loading class javax/lang/model/SourceVersion
Event: 0.442 loading class javax/lang/model/SourceVersion done


Dynamic libraries:
0x00007ff686cc0000 - 0x00007ff686cc8000 	C:\Program Files\Java\jdk-1.8\bin\javac.exe
0x00007ff958cd0000 - 0x00007ff958ec8000 	C:\WINDOWS\SYSTEM32\ntdll.dll
0x00007ff958280000 - 0x00007ff95833d000 	C:\WINDOWS\System32\KERNEL32.DLL
0x00007ff9564b0000 - 0x00007ff9567a6000 	C:\WINDOWS\System32\KERNELBASE.dll
0x00007ff956980000 - 0x00007ff956a80000 	C:\WINDOWS\System32\ucrtbase.dll
0x00007ff919000000 - 0x00007ff919043000 	C:\Program Files\Java\jdk-1.8\bin\jli.dll
0x00007ff924a60000 - 0x00007ff924a7b000 	C:\Program Files\Java\jdk-1.8\bin\VCRUNTIME140.dll
0x00007ff956d60000 - 0x00007ff956e10000 	C:\WINDOWS\System32\ADVAPI32.dll
0x00007ff957090000 - 0x00007ff95712e000 	C:\WINDOWS\System32\msvcrt.dll
0x00007ff956e20000 - 0x00007ff956ec0000 	C:\WINDOWS\System32\sechost.dll
0x00007ff958150000 - 0x00007ff958273000 	C:\WINDOWS\System32\RPCRT4.dll
0x00007ff956830000 - 0x00007ff956857000 	C:\WINDOWS\System32\bcrypt.dll
0x00007ff956ec0000 - 0x00007ff95705f000 	C:\WINDOWS\System32\USER32.dll
0x00007ff9567b0000 - 0x00007ff9567d2000 	C:\WINDOWS\System32\win32u.dll
0x00007ff944eb0000 - 0x00007ff94514a000 	C:\WINDOWS\WinSxS\amd64_microsoft.windows.common-controls_6595b64144ccf1df_6.0.19041.4355_none_60b8b9eb71f62e16\COMCTL32.dll
0x00007ff957060000 - 0x00007ff95708b000 	C:\WINDOWS\System32\GDI32.dll
0x00007ff956860000 - 0x00007ff956977000 	C:\WINDOWS\System32\gdi32full.dll
0x00007ff956380000 - 0x00007ff95641d000 	C:\WINDOWS\System32\msvcp_win.dll
0x00007ff957c50000 - 0x00007ff957c82000 	C:\WINDOWS\System32\IMM32.DLL
0x00007ff951c00000 - 0x00007ff951c1b000 	C:\Program Files\Java\jdk-1.8\jre\bin\vcruntime140.dll
0x00007ff94eac0000 - 0x00007ff94eacc000 	C:\Program Files\Java\jdk-1.8\jre\bin\vcruntime140_1.dll
0x00007ff918810000 - 0x00007ff91889e000 	C:\Program Files\Java\jdk-1.8\jre\bin\msvcp140.dll
0x00007ff8efee0000 - 0x00007ff8f0790000 	C:\Program Files\Java\jdk-1.8\jre\bin\server\jvm.dll
0x00007ff956e10000 - 0x00007ff956e18000 	C:\WINDOWS\System32\PSAPI.DLL
0x00007ff941b80000 - 0x00007ff941b89000 	C:\WINDOWS\SYSTEM32\WSOCK32.dll
0x00007ff9479f0000 - 0x00007ff947a17000 	C:\WINDOWS\SYSTEM32\WINMM.dll
0x00007ff94ffe0000 - 0x00007ff94ffea000 	C:\WINDOWS\SYSTEM32\VERSION.dll
0x00007ff958bc0000 - 0x00007ff958c2b000 	C:\WINDOWS\System32\WS2_32.dll
0x00007ff954b50000 - 0x00007ff954b62000 	C:\WINDOWS\SYSTEM32\kernel.appcore.dll
0x00007ff94e340000 - 0x00007ff94e350000 	C:\Program Files\Java\jdk-1.8\jre\bin\verify.dll
0x00007ff92ca30000 - 0x00007ff92ca5b000 	C:\Program Files\Java\jdk-1.8\jre\bin\java.dll
0x00007ff946160000 - 0x00007ff946178000 	C:\Program Files\Java\jdk-1.8\jre\bin\zip.dll
0x00007ff9574e0000 - 0x00007ff957c4b000 	C:\WINDOWS\System32\SHELL32.dll
0x00007ff9543a0000 - 0x00007ff954b3d000 	C:\WINDOWS\SYSTEM32\windows.storage.dll
0x00007ff958340000 - 0x00007ff958693000 	C:\WINDOWS\System32\combase.dll
0x00007ff955d20000 - 0x00007ff955d4e000 	C:\WINDOWS\SYSTEM32\Wldp.dll
0x00007ff957c90000 - 0x00007ff957d5d000 	C:\WINDOWS\System32\OLEAUT32.dll
0x00007ff9586a0000 - 0x00007ff95874d000 	C:\WINDOWS\System32\SHCORE.dll
0x00007ff9572d0000 - 0x00007ff957325000 	C:\WINDOWS\System32\shlwapi.dll
0x00007ff9562b0000 - 0x00007ff9562d4000 	C:\WINDOWS\SYSTEM32\profapi.dll
0x00007ff946da0000 - 0x00007ff946f84000 	C:\WINDOWS\SYSTEM32\dbghelp.dll
0x00007ff956420000 - 0x00007ff9564a2000 	C:\WINDOWS\System32\bcryptPrimitives.dll

VM Arguments:
jvm_args: -Dapplication.home=C:\Program Files\Java\jdk-1.8 -Xms8m 
java_command: com.sun.tools.javac.Main -d G:\OneDrive\Documents\Coding\cl\HospitalManagementSystem\build\classes -classpath G:\OneDrive\Documents\Coding\cl\HospitalManagementSystem\build\classes;G:\OneDrive\Documents\Coding\cl\HospitalManagementSystem\lib\fontawesomefx-8.2.jar;G:\OneDrive\Documents\Coding\cl\HospitalManagementSystem\lib\mssql-jdbc-12.6.1.jre8.jar;C:\Program Files\Java\jdk-1.8\jre\lib\javaws.jar;C:\Program Files\Java\jdk-1.8\jre\lib\deploy.jar;C:\Program Files\Java\jdk-1.8\jre\lib\plugin.jar -sourcepath G:\OneDrive\Documents\Coding\cl\HospitalManagementSystem\build\empty -target 1.8 -encoding UTF-8 -g -processorpath G:\OneDrive\Documents\Coding\cl\HospitalManagementSystem\lib\fontawesomefx-8.2.jar;G:\OneDrive\Documents\Coding\cl\HospitalManagementSystem\lib\mssql-jdbc-12.6.1.jre8.jar;C:\Program Files\Java\jdk-1.8\jre\lib\javaws.jar;C:\Program Files\Java\jdk-1.8\jre\lib\deploy.jar;C:\Program Files\Java\jdk-1.8\jre\lib\plugin.jar;G:\OneDrive\Documents\Coding\cl\HospitalManagementSystem\build\empty -s G:\OneDrive\Documents\Coding\cl\HospitalManagementSystem\build\generated-sources\ap-source-output -source 1.8 G:\OneDrive\Documents\Coding\cl\HospitalManagementSystem\src\hospitalmanagementsystem\DoctorMainFormController.java
java_class_path (initial): C:\Program Files\Java\jdk-1.8/lib/tools.jar;C:\Program Files\Java\jdk-1.8/classes
Launcher Type: SUN_STANDARD

Environment Variables:
JAVA_HOME=C:\Program Files\Java\jdk-1.8
PATH=C:\Program Files\Common Files\Oracle\Java\javapath;C:\Program Files\Microsoft MPI\Bin\;C:\Program Files (x86)\VietPN;C:\Program Files\dotnet\;C:\Program Files\Microsoft SQL Server\Client SDK\ODBC\170\Tools\Binn\;C:\ProgramData\chocolatey\bin;C:\tools\gsudo\Current;C:\Program Files\NVIDIA Corporation\NVIDIA NvDLISR;D:\laragon\bin\php\php-8.0.0;C:\composer;C:\xampp\php;C:\Program Files\Git\cmd;C:\Program Files\php-8.0.29-Win32-vs16-x64;C:\Users\PC\AppData\Roaming\nvm;C:\Program Files\nodejs;C:\Program Files (x86)\Microsoft SQL Server\160\Tools\Binn\;C:\Program Files\Microsoft SQL Server\160\Tools\Binn\;C:\Program Files\Microsoft SQL Server\160\DTS\Binn\;C:\Program Files\nodejs\;C:\Program Files (x86)\NVIDIA Corporation\PhysX\Common;C:\Program Files\Docker\Docker\resources\bin;C:\Program Files\Java\jdk-1.8\bin;C:\Users\PC\AppData\Local\Programs\Python\Python312\Scripts\;C:\Users\PC\AppData\Local\Programs\Python\Python312\;C:\Users\PC\AppData\Local\Microsoft\WindowsApps;C:\Program Files\Azure Data Studio\bin;C:\apache-maven-3.8.4\bin;C:\Program Files\Azure Data Studio\bin;C:\Users\PC\.dotnet\tools;C:\Program Files\dotnet;C:\Users\PC\AppData\Local\GitHubDesktop\bin;D:\Microsoft VS Code\bin;D:\PyCharm\PyCharm Community Edition 2022.1.2\bin;;C:\Windows\System32;C:\Program Files\Azure Data Studio\bin;D:\IntelliJ IDEA Community Edition 2024.1.1\bin;;C:\Users\PC\AppData\Roaming\Composer\vendor\bin;D:\IntelliJ IDEA 2023.1\bin;;C:\Users\PC\AppData\Local\Programs\oh-my-posh\bin;C:\WINDOWS\System32\WindowsPowerShell\v1.0\;C:\Users\PC\AppData\Roaming\nvm;C:\Program Files\nodejs;C:\Users\PC\AppData\Local\Programs\mongosh\;C:\Users\PC\AppData\Roaming\npm;C:\Users\PC\AppData\Local\Programs\Azure Data Studio\bin;C:\path\to\chromedriver;C:\Program Files\Java\jdk-1.8\bin;
USERNAME=PCvinhvizg
OS=Windows_NT
PROCESSOR_IDENTIFIER=Intel64 Family 6 Model 158 Stepping 10, GenuineIntel



---------------  S Y S T E M  ---------------

OS: Windows 10 , 64 bit Build 19041 (10.0.19041.3636)

CPU:total 12 (initial active 12) (6 cores per cpu, 2 threads per core) family 6 model 158 stepping 10, cmov, cx8, fxsr, mmx, sse, sse2, sse3, ssse3, sse4.1, sse4.2, popcnt, avx, avx2, aes, clmul, erms, 3dnowpref, lzcnt, ht, tsc, tscinvbit, bmi1, bmi2, adx

Memory: 4k page, physical 16620240k(3528456k free), swap 18717392k(5232k free)

vm_info: Java HotSpot(TM) 64-Bit Server VM (25.401-b10) for windows-amd64 JRE (1.8.0_401-b10), built on Dec 19 2023 12:38:48 by "java_re" with MS VC++ 17.1 (VS2022)

time: Mon May 27 16:33:00 2024
timezone: SE Asia Standard Time
elapsed time: 0.475220 seconds (0d 0h 0m 0s)

